# JRE version: Java(TM) SE Runtime Environment (8.0_40-b27) (build 1.8.0_40-b27)
# Java VM: Java HotSpot(TM) 64-Bit Server VM (25.40-b25 mixed mode bsd-amd64 compressed oops)
Heap:
 PSYoungGen      total 288768K, used 24725K [0x00000007aab00000, 0x00000007bec00000, 0x00000007c0000000)
  eden space 248832K, 9% used [0x00000007aab00000,0x00000007ac325698,0x00000007b9e00000)
  from space 39936K, 0% used [0x00000007bc500000,0x00000007bc500000,0x00000007bec00000)
  to   space 39936K, 0% used [0x00000007b9e00000,0x00000007b9e00000,0x00000007bc500000)
 ParOldGen       total 107520K, used 57773K [0x0000000780000000, 0x0000000786900000, 0x00000007aab00000)
  object space 107520K, 53% used [0x0000000780000000,0x000000078386b408,0x0000000786900000)
 Metaspace       used 61483K, capacity 65608K, committed 65664K, reserved 1105920K
  class space    used 8123K, capacity 9313K, committed 9344K, reserved 1048576K
GC Heap History (10 events):
Event: 1629.146 GC heap before
{Heap before GC invocations=33 (full 5):
 PSYoungGen      total 239104K, used 185070K [0x00000007aab00000, 0x00000007bd400000, 0x00000007c0000000)
  eden space 205312K, 76% used [0x00000007aab00000,0x00000007b4518038,0x00000007b7380000)
  from space 33792K, 80% used [0x00000007b7380000,0x00000007b8e23b80,0x00000007b9480000)
  to   space 36352K, 0% used [0x00000007bb080000,0x00000007bb080000,0x00000007bd400000)
 ParOldGen       total 107520K, used 58119K [0x0000000780000000, 0x0000000786900000, 0x00000007aab00000)
  object space 107520K, 54% used [0x0000000780000000,0x00000007838c1dd8,0x0000000786900000)
 Metaspace       used 60984K, capacity 64810K, committed 65024K, reserved 1105920K
  class space    used 8081K, capacity 9194K, committed 9216K, reserved 1048576K
Event: 1629.150 GC heap after
Heap after GC invocations=33 (full 5):
 PSYoungGen      total 267264K, used 1840K [0x00000007aab00000, 0x00000007bd500000, 0x00000007c0000000)
  eden space 230912K, 0% used [0x00000007aab00000,0x00000007aab00000,0x00000007b8c80000)
  from space 36352K, 5% used [0x00000007bb080000,0x00000007bb24c010,0x00000007bd400000)
  to   space 36864K, 0% used [0x00000007b8c80000,0x00000007b8c80000,0x00000007bb080000)
 ParOldGen       total 107520K, used 58127K [0x0000000780000000, 0x0000000786900000, 0x00000007aab00000)
  object space 107520K, 54% used [0x0000000780000000,0x00000007838c3dd8,0x0000000786900000)
 Metaspace       used 60984K, capacity 64810K, committed 65024K, reserved 1105920K
  class space    used 8081K, capacity 9194K, committed 9216K, reserved 1048576K
}
Event: 1629.150 GC heap before
{Heap before GC invocations=34 (full 6):
 PSYoungGen      total 267264K, used 1840K [0x00000007aab00000, 0x00000007bd500000, 0x00000007c0000000)
  eden space 230912K, 0% used [0x00000007aab00000,0x00000007aab00000,0x00000007b8c80000)
  from space 36352K, 5% used [0x00000007bb080000,0x00000007bb24c010,0x00000007bd400000)
  to   space 36864K, 0% used [0x00000007b8c80000,0x00000007b8c80000,0x00000007bb080000)
 ParOldGen       total 107520K, used 58127K [0x0000000780000000, 0x0000000786900000, 0x00000007aab00000)
  object space 107520K, 54% used [0x0000000780000000,0x00000007838c3dd8,0x0000000786900000)
 Metaspace       used 60984K, capacity 64810K, committed 65024K, reserved 1105920K
  class space    used 8081K, capacity 9194K, committed 9216K, reserved 1048576K
Event: 1629.434 GC heap after
Heap after GC invocations=34 (full 6):
 PSYoungGen      total 267264K, used 0K [0x00000007aab00000, 0x00000007bd500000, 0x00000007c0000000)
  eden space 230912K, 0% used [0x00000007aab00000,0x00000007aab00000,0x00000007b8c80000)
  from space 36352K, 0% used [0x00000007bb080000,0x00000007bb080000,0x00000007bd400000)
  to   space 36864K, 0% used [0x00000007b8c80000,0x00000007b8c80000,0x00000007bb080000)
 ParOldGen       total 107520K, used 57852K [0x0000000780000000, 0x0000000786900000, 0x00000007aab00000)
  object space 107520K, 53% used [0x0000000780000000,0x000000078387f000,0x0000000786900000)
 Metaspace       used 60951K, capacity 64696K, committed 65024K, reserved 1105920K
  class space    used 8073K, capacity 9160K, committed 9216K, reserved 1048576K
}
Event: 1752.587 GC heap before
{Heap before GC invocations=35 (full 6):
 PSYoungGen      total 267264K, used 230912K [0x00000007aab00000, 0x00000007bd500000, 0x00000007c0000000)
  eden space 230912K, 100% used [0x00000007aab00000,0x00000007b8c80000,0x00000007b8c80000)
  from space 36352K, 0% used [0x00000007bb080000,0x00000007bb080000,0x00000007bd400000)
  to   space 36864K, 0% used [0x00000007b8c80000,0x00000007b8c80000,0x00000007bb080000)
 ParOldGen       total 107520K, used 57852K [0x0000000780000000, 0x0000000786900000, 0x00000007aab00000)
  object space 107520K, 53% used [0x0000000780000000,0x000000078387f000,0x0000000786900000)
 Metaspace       used 61327K, capacity 65422K, committed 65664K, reserved 1105920K
  class space    used 8111K, capacity 9267K, committed 9344K, reserved 1048576K
Event: 1752.628 GC heap after
Heap after GC invocations=35 (full 6):
 PSYoungGen      total 267776K, used 28709K [0x00000007aab00000, 0x00000007bec00000, 0x00000007c0000000)
  eden space 230912K, 0% used [0x00000007aab00000,0x00000007aab00000,0x00000007b8c80000)
  from space 36864K, 77% used [0x00000007b8c80000,0x00000007ba889600,0x00000007bb080000)
  to   space 39936K, 0% used [0x00000007bc500000,0x00000007bc500000,0x00000007bec00000)
 ParOldGen       total 107520K, used 57860K [0x0000000780000000, 0x0000000786900000, 0x00000007aab00000)
  object space 107520K, 53% used [0x0000000780000000,0x0000000783881000,0x0000000786900000)
 Metaspace       used 61327K, capacity 65422K, committed 65664K, reserved 1105920K
  class space    used 8111K, capacity 9267K, committed 9344K, reserved 1048576K
}
Event: 1761.259 GC heap before
{Heap before GC invocations=36 (full 6):
 PSYoungGen      total 267776K, used 101294K [0x00000007aab00000, 0x00000007bec00000, 0x00000007c0000000)
  eden space 230912K, 31% used [0x00000007aab00000,0x00000007af1e2250,0x00000007b8c80000)
  from space 36864K, 77% used [0x00000007b8c80000,0x00000007ba889600,0x00000007bb080000)
  to   space 39936K, 0% used [0x00000007bc500000,0x00000007bc500000,0x00000007bec00000)
 ParOldGen       total 107520K, used 57860K [0x0000000780000000, 0x0000000786900000, 0x00000007aab00000)
  object space 107520K, 53% used [0x0000000780000000,0x0000000783881000,0x0000000786900000)
 Metaspace       used 61389K, capacity 65458K, committed 65664K, reserved 1105920K
  class space    used 8114K, capacity 9273K, committed 9344K, reserved 1048576K
Event: 1761.263 GC heap after
Heap after GC invocations=36 (full 6):
 PSYoungGen      total 288768K, used 1184K [0x00000007aab00000, 0x00000007bec00000, 0x00000007c0000000)
  eden space 248832K, 0% used [0x00000007aab00000,0x00000007aab00000,0x00000007b9e00000)
  from space 39936K, 2% used [0x00000007bc500000,0x00000007bc628020,0x00000007bec00000)
  to   space 39936K, 0% used [0x00000007b9e00000,0x00000007b9e00000,0x00000007bc500000)
 ParOldGen       total 107520K, used 57868K [0x0000000780000000, 0x0000000786900000, 0x00000007aab00000)
  object space 107520K, 53% used [0x0000000780000000,0x0000000783883000,0x0000000786900000)
 Metaspace       used 61389K, capacity 65458K, committed 65664K, reserved 1105920K
  class space    used 8114K, capacity 9273K, committed 9344K, reserved 1048576K
}
Event: 1761.264 GC heap before
{Heap before GC invocations=37 (full 7):
 PSYoungGen      total 288768K, used 1184K [0x00000007aab00000, 0x00000007bec00000, 0x00000007c0000000)
  eden space 248832K, 0% used [0x00000007aab00000,0x00000007aab00000,0x00000007b9e00000)
  from space 39936K, 2% used [0x00000007bc500000,0x00000007bc628020,0x00000007bec00000)
  to   space 39936K, 0% used [0x00000007b9e00000,0x00000007b9e00000,0x00000007bc500000)
 ParOldGen       total 107520K, used 57868K [0x0000000780000000, 0x0000000786900000, 0x00000007aab00000)
  object space 107520K, 53% used [0x0000000780000000,0x0000000783883000,0x0000000786900000)
 Metaspace       used 61389K, capacity 65458K, committed 65664K, reserved 1105920K
  class space    used 8114K, capacity 9273K, committed 9344K, reserved 1048576K
Event: 1761.580 GC heap after
Heap after GC invocations=37 (full 7):
 PSYoungGen      total 288768K, used 0K [0x00000007aab00000, 0x00000007bec00000, 0x00000007c0000000)
  eden space 248832K, 0% used [0x00000007aab00000,0x00000007aab00000,0x00000007b9e00000)
  from space 39936K, 0% used [0x00000007bc500000,0x00000007bc500000,0x00000007bec00000)
  to   space 39936K, 0% used [0x00000007b9e00000,0x00000007b9e00000,0x00000007bc500000)
 ParOldGen       total 107520K, used 57773K [0x0000000780000000, 0x0000000786900000, 0x00000007aab00000)
  object space 107520K, 53% used [0x0000000780000000,0x000000078386b408,0x0000000786900000)
 Metaspace       used 61356K, capacity 65344K, committed 65664K, reserved 1105920K
  class space    used 8107K, capacity 9239K, committed 9344K, reserved 1048576K
}

